<?xml version="1.0" encoding="UTF-8"?>
<!-- Generated by org.testng.reporters.JUnitXMLReporter -->
<testsuite hostname="ABC-PC" ignored="2" name="Test" tests="3" failures="0" timestamp="20 Aug 2017 10:13:56 GMT" time="30.598" errors="0">
  <testcase name="testInvalidLogin" time="8.933" classname="com.ekuber.test.InvalidLogin"/>
  <testcase name="testValidLogin" time="1.899" classname="com.ekuber.test.Validlogin"/>
  <testcase name="testVerifyBuildVersion" time="6.751" classname="com.ekuber.test.VerifyBuildVersion"/>
  <testcase name="@BeforeSuite initDriver" time="0.0" classname="generic.BaseTest">
    <ignored/>
  </testcase> <!-- @BeforeSuite initDriver -->
  <testcase name="@BeforeSuite initDriver" time="0.0" classname="generic.BaseTest">
    <ignored/>
  </testcase> <!-- @BeforeSuite initDriver -->
</testsuite> <!-- Test -->
